<?xml version="1.0" encoding="UTF-8"?>
<!-- Generated by org.testng.reporters.JUnitReportReporter -->
<testsuite hostname="Forrests-MacBook-Pro.local" name="com.elena.pages.LoginTest" tests="1" failures="0" timestamp="12 Mar 2015 01:47:21 GMT" time="16.792" errors="0">
  <testcase name="login" time="16.792" classname="com.elena.pages.LoginTest"/>
</testsuite> <!-- com.elena.pages.LoginTest -->
