<?xml version="1.0" encoding="UTF-8"?>
<!-- Generated by org.testng.reporters.JUnitReportReporter -->
<testsuite hostname="Forrests-MacBook-Pro.local" name="com.elena.pages.LoginTest" tests="2" failures="0" timestamp="12 Mar 2015 17:09:10 GMT" time="36.962" errors="0">
  <testcase name="logout" time="2.701" classname="com.elena.pages.LoginTest"/>
  <testcase name="login" time="34.261" classname="com.elena.pages.LoginTest"/>
</testsuite> <!-- com.elena.pages.LoginTest -->
